[2m   2.647s[0m [32m INFO[0m -----------------------------------------------------------------
                Serving your app: doyou! 🚀
                • Press [33m`ctrl+c`[0m to exit the server
                • Press [33m`r`[0m to rebuild the app
                • Press [33m`p`[0m to toggle automatic rebuilds
                • Press [33m`v`[0m to toggle verbose logging
                • Press [33m`/`[0m for more commands and shortcuts
                Learn more at [34mhttps://dioxuslabs.com/learn/0.7/getting_started[0m
               ----------------------------------------------------------------
[2m   7.790s[0m [33m WARN[0m error: could not compile `proc-macro2` (build script) 
[2m   7.790s[0m [33m WARN[0m Caused by: 
[2m   7.791s[0m [33m WARN[0m   process didn't exit successfully: `/home/manohy/.cargo/bin/dx /home/manohy/.rustup/toolchains/stable-x86_64-unknown-linux-gnu/bin/rustc --crate-name build_script_build --edition=2021 /home/manohy/.cargo/registry/src/index.crates.io-1949cf8c6b5b557f/proc-macro2-1.0.105/build.rs --error-format=json --json=diagnostic-rendered-ansi,artifacts,future-incompat --crate-type bin --emit=dep-info,link -C embed-bitcode=no -C debuginfo=2 --cfg 'feature="default"' --cfg 'feature="proc-macro"' --cfg 'feature="span-locations"' --check-cfg 'cfg(docsrs,test)' --check-cfg 'cfg(feature, values("default", "nightly", "proc-macro", "span-locations"))' -C metadata=ba262e0a2d5b23aa -C extra-filename=-6a9a1b4a6503ad9b --out-dir /home/manohy/Projects/doyou/target/wasm-dev/build/proc-macro2-6a9a1b4a6503ad9b -L dependency=/home/manohy/Projects/doyou/target/wasm-dev/deps --cap-lints allow` (exit status: 101) 
[2m   7.791s[0m [33m WARN[0m warning: build failed, waiting for other jobs to finish... 
[2m   7.805s[0m [33m WARN[0m thread 'main' panicked at packages/cli/src/rustcwrapper.rs:109:52: 
[2m   7.805s[0m [33m WARN[0m Failed to write rustc args to file: Os { code: 122, kind: QuotaExceeded, message: "Disk quota exceeded" } 
[2m   7.805s[0m [33m WARN[0m note: run with `RUST_BACKTRACE=1` environment variable to display a backtrace 
[2m   7.810s[0m [33m WARN[0m error: could not compile `rustversion` (build script) 
[2m   7.810s[0m [33m WARN[0m Caused by: 
[2m   7.810s[0m [33m WARN[0m   process didn't exit successfully: `/home/manohy/.cargo/bin/dx /home/manohy/.rustup/toolchains/stable-x86_64-unknown-linux-gnu/bin/rustc --crate-name build_script_build --edition=2018 /home/manohy/.cargo/registry/src/index.crates.io-1949cf8c6b5b557f/rustversion-1.0.22/build/build.rs --error-format=json --json=diagnostic-rendered-ansi,artifacts,future-incompat --crate-type bin --emit=dep-info,link -C embed-bitcode=no -C debuginfo=2 --check-cfg 'cfg(docsrs,test)' --check-cfg 'cfg(feature, values())' -C metadata=aac890a6086e29a5 -C extra-filename=-69e89b5fdb685e15 --out-dir /home/manohy/Projects/doyou/target/wasm-dev/build/rustversion-69e89b5fdb685e15 -L dependency=/home/manohy/Projects/doyou/target/wasm-dev/deps --cap-lints allow` (exit status: 101) 
[2m   7.815s[0m [33m WARN[0m thread 'main' panicked at packages/cli/src/rustcwrapper.rs:109:52: 
[2m   7.815s[0m [33m WARN[0m Failed to write rustc args to file: Os { code: 122, kind: QuotaExceeded, message: "Disk quota exceeded" } 
[2m   7.815s[0m [33m WARN[0m note: run with `RUST_BACKTRACE=1` environment variable to display a backtrace 
[2m   7.817s[0m [33m WARN[0m error: could not compile `unicode-ident` (lib) 
[2m   7.817s[0m [33m WARN[0m Caused by: 
[2m   7.818s[0m [33m WARN[0m   process didn't exit successfully: `/home/manohy/.cargo/bin/dx /home/manohy/.rustup/toolchains/stable-x86_64-unknown-linux-gnu/bin/rustc --crate-name unicode_ident --edition=2018 /home/manohy/.cargo/registry/src/index.crates.io-1949cf8c6b5b557f/unicode-ident-1.0.22/src/lib.rs --error-format=json --json=diagnostic-rendered-ansi,artifacts,future-incompat --crate-type lib --emit=dep-info,metadata,link -C embed-bitcode=no -C debuginfo=2 --check-cfg 'cfg(docsrs,test)' --check-cfg 'cfg(feature, values())' -C metadata=ae018a658d283eea -C extra-filename=-d07ac96f150b5ee1 --out-dir /home/manohy/Projects/doyou/target/wasm-dev/deps -L dependency=/home/manohy/Projects/doyou/target/wasm-dev/deps --cap-lints allow` (exit status: 101) 
[2m   7.819s[0m [33m WARN[0m thread 'main' panicked at packages/cli/src/rustcwrapper.rs:109:52: 
[2m   7.819s[0m [33m WARN[0m Failed to write rustc args to file: Os { code: 122, kind: QuotaExceeded, message: "Disk quota exceeded" } 
[2m   7.819s[0m [33m WARN[0m note: run with `RUST_BACKTRACE=1` environment variable to display a backtrace 
[2m   7.819s[0m [33m WARN[0m thread 'main' panicked at packages/cli/src/rustcwrapper.rs:109:52: 
[2m   7.819s[0m [33m WARN[0m Failed to write rustc args to file: Os { code: 122, kind: QuotaExceeded, message: "Disk quota exceeded" } 
[2m   7.819s[0m [33m WARN[0m note: run with `RUST_BACKTRACE=1` environment variable to display a backtrace 
[2m   7.819s[0m [33m WARN[0m error: could not compile `cfg-if` (lib) 
[2m   7.819s[0m [33m WARN[0m Caused by: 
[2m   7.819s[0m [33m WARN[0m   process didn't exit successfully: `/home/manohy/.cargo/bin/dx /home/manohy/.rustup/toolchains/stable-x86_64-unknown-linux-gnu/bin/rustc --crate-name cfg_if --edition=2018 /home/manohy/.cargo/registry/src/index.crates.io-1949cf8c6b5b557f/cfg-if-1.0.4/src/lib.rs --error-format=json --json=diagnostic-rendered-ansi,artifacts,future-incompat --crate-type lib --emit=dep-info,metadata,link -C embed-bitcode=no -C debuginfo=2 --check-cfg 'cfg(docsrs,test)' --check-cfg 'cfg(feature, values("core", "rustc-dep-of-std"))' -C metadata=b9e3d730341fe8f8 -C extra-filename=-237f7cb9dc631923 --out-dir /home/manohy/Projects/doyou/target/wasm32-unknown-unknown/wasm-dev/deps --target wasm32-unknown-unknown -L dependency=/home/manohy/Projects/doyou/target/wasm32-unknown-unknown/wasm-dev/deps -L dependency=/home/manohy/Projects/doyou/target/wasm-dev/deps --cap-lints allow --cfg 'getrandom_backend="wasm_js"'` (exit status: 101) 
[2m   7.825s[0m [33m WARN[0m thread 'main' panicked at packages/cli/src/rustcwrapper.rs:109:52: 
[2m   7.825s[0m [33m WARN[0m Failed to write rustc args to file: Os { code: 122, kind: QuotaExceeded, message: "Disk quota exceeded" } 
[2m   7.825s[0m [33m WARN[0m error: could not compile `wasm-bindgen-shared` (build script) 
[2m   7.825s[0m [33m WARN[0m Caused by: 
[2m   7.825s[0m [33m WARN[0m   process didn't exit successfully: `/home/manohy/.cargo/bin/dx /home/manohy/.rustup/toolchains/stable-x86_64-unknown-linux-gnu/bin/rustc --crate-name build_script_build --edition=2021 /home/manohy/.cargo/registry/src/index.crates.io-1949cf8c6b5b557f/wasm-bindgen-shared-0.2.106/build.rs --error-format=json --json=diagnostic-rendered-ansi,artifacts,future-incompat --crate-type bin --emit=dep-info,link -C embed-bitcode=no -C debuginfo=2 '--warn=clippy::uninlined_format_args' --warn=unexpected_cfgs '--allow=clippy::type_complexity' '--allow=clippy::too_many_arguments' '--allow=clippy::overly_complex_bool_expr' '--allow=clippy::new_without_default' '--allow=clippy::large_enum_variant' --check-cfg 'cfg(wasm_bindgen_unstable_test_coverage)' --check-cfg 'cfg(xxx_debug_only_print_generated_code)' --check-cfg 'cfg(docsrs,test)' --check-cfg 'cfg(feature, values())' -C metadata=3a54f57dd9d0417f -C extra-filename=-ca6c2454f5443931 --out-dir /home/manohy/Projects/doyou/target/wasm-dev/build/wasm-bindgen-shared-ca6c2454f5443931 -L dependency=/home/manohy/Projects/doyou/target/wasm-dev/deps --cap-lints allow` (exit status: 101) 
[2m   7.825s[0m [33m WARN[0m note: run with `RUST_BACKTRACE=1` environment variable to display a backtrace 
[2m   7.829s[0m [33m WARN[0m error: could not compile `quote` (build script) 
[2m   7.829s[0m [33m WARN[0m Caused by: 
[2m   7.829s[0m [33m WARN[0m   process didn't exit successfully: `/home/manohy/.cargo/bin/dx /home/manohy/.rustup/toolchains/stable-x86_64-unknown-linux-gnu/bin/rustc --crate-name build_script_build --edition=2021 /home/manohy/.cargo/registry/src/index.crates.io-1949cf8c6b5b557f/quote-1.0.43/build.rs --error-format=json --json=diagnostic-rendered-ansi,artifacts,future-incompat --crate-type bin --emit=dep-info,link -C embed-bitcode=no -C debuginfo=2 --cfg 'feature="default"' --cfg 'feature="proc-macro"' --check-cfg 'cfg(docsrs,test)' --check-cfg 'cfg(feature, values("default", "proc-macro"))' -C metadata=5ef86ac559ca31e5 -C extra-filename=-b5b06ad29dd44755 --out-dir /home/manohy/Projects/doyou/target/wasm-dev/build/quote-b5b06ad29dd44755 -L dependency=/home/manohy/Projects/doyou/target/wasm-dev/deps --cap-lints allow` (exit status: 101) 
[2m   7.845s[0m [33m WARN[0m thread 'main' panicked at packages/cli/src/rustcwrapper.rs:109:52: 
[2m   7.845s[0m [33m WARN[0m Failed to write rustc args to file: Os { code: 122, kind: QuotaExceeded, message: "Disk quota exceeded" } 
[2m   7.846s[0m [33m WARN[0m note: run with `RUST_BACKTRACE=1` environment variable to display a backtrace 
[2m   7.850s[0m [33m WARN[0m thread 'main' panicked at packages/cli/src/rustcwrapper.rs:109:52: 
[2m   7.850s[0m [33m WARN[0m Failed to write rustc args to file: Os { code: 122, kind: QuotaExceeded, message: "Disk quota exceeded" } 
[2m   7.850s[0m [33m WARN[0m note: run with `RUST_BACKTRACE=1` environment variable to display a backtrace 
[2m   7.853s[0m [33m WARN[0m error: could not compile `serde_core` (build script) 
[2m   7.853s[0m [33m WARN[0m Caused by: 
[2m   7.853s[0m [33m WARN[0m   process didn't exit successfully: `/home/manohy/.cargo/bin/dx /home/manohy/.rustup/toolchains/stable-x86_64-unknown-linux-gnu/bin/rustc --crate-name build_script_build --edition=2021 /home/manohy/.cargo/registry/src/index.crates.io-1949cf8c6b5b557f/serde_core-1.0.228/build.rs --error-format=json --json=diagnostic-rendered-ansi,artifacts,future-incompat --crate-type bin --emit=dep-info,link -C embed-bitcode=no -C debuginfo=2 --cfg 'feature="alloc"' --cfg 'feature="default"' --cfg 'feature="result"' --cfg 'feature="std"' --check-cfg 'cfg(docsrs,test)' --check-cfg 'cfg(feature, values("alloc", "default", "rc", "result", "std", "unstable"))' -C metadata=61e6ccad241b0217 -C extra-filename=-39b21d71e2062351 --out-dir /home/manohy/Projects/doyou/target/wasm-dev/build/serde_core-39b21d71e2062351 -L dependency=/home/manohy/Projects/doyou/target/wasm-dev/deps --cap-lints allow` (exit status: 101) 
[2m   7.854s[0m [33m WARN[0m error: could not compile `serde` (build script) 
[2m   7.854s[0m [33m WARN[0m Caused by: 
[2m   7.854s[0m [33m WARN[0m   process didn't exit successfully: `/home/manohy/.cargo/bin/dx /home/manohy/.rustup/toolchains/stable-x86_64-unknown-linux-gnu/bin/rustc --crate-name build_script_build --edition=2021 /home/manohy/.cargo/registry/src/index.crates.io-1949cf8c6b5b557f/serde-1.0.228/build.rs --error-format=json --json=diagnostic-rendered-ansi,artifacts,future-incompat --crate-type bin --emit=dep-info,link -C embed-bitcode=no -C debuginfo=2 --cfg 'feature="alloc"' --cfg 'feature="default"' --cfg 'feature="derive"' --cfg 'feature="serde_derive"' --cfg 'feature="std"' --check-cfg 'cfg(docsrs,test)' --check-cfg 'cfg(feature, values("alloc", "default", "derive", "rc", "serde_derive", "std", "unstable"))' -C metadata=ec6359c2cd5571d5 -C extra-filename=-5fbf33b895afa4bb --out-dir /home/manohy/Projects/doyou/target/wasm-dev/build/serde-5fbf33b895afa4bb -L dependency=/home/manohy/Projects/doyou/target/wasm-dev/deps --cap-lints allow` (exit status: 101) 
[2m   7.865s[0m [31mERROR[0m [31mBuild failed[0m: cargo build finished with errors for target: doyou [wasm32-unknown-unknown]
[2m   7.878s[0m [33m WARN[0m error: could not compile `version_check` (lib) 
[2m   7.878s[0m [33m WARN[0m Caused by: 
[2m   7.878s[0m [33m WARN[0m   process didn't exit successfully: `/home/manohy/.cargo/bin/dx /home/manohy/.rustup/toolchains/stable-x86_64-unknown-linux-gnu/bin/rustc --crate-name version_check --edition=2015 /home/manohy/.cargo/registry/src/index.crates.io-1949cf8c6b5b557f/version_check-0.9.5/src/lib.rs --error-format=json --json=diagnostic-rendered-ansi,artifacts,future-incompat --crate-type lib --emit=dep-info,metadata,link -C embed-bitcode=no -C debuginfo=2 --check-cfg 'cfg(docsrs,test)' --check-cfg 'cfg(feature, values())' -C metadata=66300529417657d6 -C extra-filename=-1518daccd0014a1a --out-dir /home/manohy/Projects/doyou/target/server-dev/deps -L dependency=/home/manohy/Projects/doyou/target/server-dev/deps --cap-lints allow` (exit status: 101) 
[2m   7.878s[0m [33m WARN[0m warning: build failed, waiting for other jobs to finish... 
[2m   7.878s[0m [33m WARN[0m thread 'main' panicked at packages/cli/src/rustcwrapper.rs:109:52: 
[2m   7.878s[0m [33m WARN[0m Failed to write rustc args to file: Os { code: 122, kind: QuotaExceeded, message: "Disk quota exceeded" } 
[2m   7.878s[0m [33m WARN[0m note: run with `RUST_BACKTRACE=1` environment variable to display a backtrace 
[2m   7.880s[0m [33m WARN[0m error: could not compile `unicode-ident` (lib) 
[2m   7.880s[0m [33m WARN[0m Caused by: 
[2m   7.880s[0m [33m WARN[0m   process didn't exit successfully: `/home/manohy/.cargo/bin/dx /home/manohy/.rustup/toolchains/stable-x86_64-unknown-linux-gnu/bin/rustc --crate-name unicode_ident --edition=2018 /home/manohy/.cargo/registry/src/index.crates.io-1949cf8c6b5b557f/unicode-ident-1.0.22/src/lib.rs --error-format=json --json=diagnostic-rendered-ansi,artifacts,future-incompat --crate-type lib --emit=dep-info,metadata,link -C embed-bitcode=no -C debuginfo=2 --check-cfg 'cfg(docsrs,test)' --check-cfg 'cfg(feature, values())' -C metadata=ae018a658d283eea -C extra-filename=-d07ac96f150b5ee1 --out-dir /home/manohy/Projects/doyou/target/server-dev/deps -L dependency=/home/manohy/Projects/doyou/target/server-dev/deps --cap-lints allow` (exit status: 101) 
[2m   7.882s[0m [33m WARN[0m error: could not compile `libc` (build script) 
[2m   7.882s[0m [33m WARN[0m Caused by: 
[2m   7.882s[0m [33m WARN[0m   process didn't exit successfully: `/home/manohy/.cargo/bin/dx /home/manohy/.rustup/toolchains/stable-x86_64-unknown-linux-gnu/bin/rustc --crate-name build_script_build --edition=2021 /home/manohy/.cargo/registry/src/index.crates.io-1949cf8c6b5b557f/libc-0.2.180/build.rs --error-format=json --json=diagnostic-rendered-ansi,artifacts,future-incompat --crate-type bin --emit=dep-info,link -C embed-bitcode=no -C debuginfo=2 '--allow=clippy::used_underscore_binding' --allow=unused_qualifications '--warn=clippy::unnecessary_semicolon' '--allow=clippy::unnecessary_cast' '--allow=clippy::uninlined_format_args' '--warn=clippy::ptr_as_ptr' '--allow=clippy::non_minimal_cfg' '--allow=clippy::missing_safety_doc' '--warn=clippy::map_unwrap_or' '--warn=clippy::manual_assert' '--allow=clippy::identity_op' '--warn=clippy::explicit_iter_loop' '--allow=clippy::expl_impl_clone_on_copy' --cfg 'feature="default"' --cfg 'feature="std"' --check-cfg 'cfg(docsrs,test)' --check-cfg 'cfg(feature, values("align", "const-extern-fn", "default", "extra_traits", "rustc-dep-of-std", "rustc-std-workspace-core", "std", "use_std"))' -C metadata=3e1a2f7cbaed47ab -C extra-filename=-d404dff847ae503b --out-dir /home/manohy/Projects/doyou/target/server-dev/build/libc-d404dff847ae503b -L dependency=/home/manohy/Projects/doyou/target/server-dev/deps --cap-lints allow` (exit status: 101) 
[2m   7.882s[0m [33m WARN[0m error: could not compile `proc-macro2` (build script) 
[2m   7.882s[0m [33m WARN[0m Caused by: 
[2m   7.882s[0m [33m WARN[0m   process didn't exit successfully: `/home/manohy/.cargo/bin/dx /home/manohy/.rustup/toolchains/stable-x86_64-unknown-linux-gnu/bin/rustc --crate-name build_script_build --edition=2021 /home/manohy/.cargo/registry/src/index.crates.io-1949cf8c6b5b557f/proc-macro2-1.0.105/build.rs --error-format=json --json=diagnostic-rendered-ansi,artifacts,future-incompat --crate-type bin --emit=dep-info,link -C embed-bitcode=no -C debuginfo=2 --cfg 'feature="default"' --cfg 'feature="proc-macro"' --cfg 'feature="span-locations"' --check-cfg 'cfg(docsrs,test)' --check-cfg 'cfg(feature, values("default", "nightly", "proc-macro", "span-locations"))' -C metadata=ba262e0a2d5b23aa -C extra-filename=-6a9a1b4a6503ad9b --out-dir /home/manohy/Projects/doyou/target/server-dev/build/proc-macro2-6a9a1b4a6503ad9b -L dependency=/home/manohy/Projects/doyou/target/server-dev/deps --cap-lints allow` (exit status: 101) 
[2m   7.887s[0m [33m WARN[0m thread 'main' panicked at packages/cli/src/rustcwrapper.rs:109:52: 
[2m   7.887s[0m [33m WARN[0m Failed to write rustc args to file: Os { code: 122, kind: QuotaExceeded, message: "Disk quota exceeded" } 
[2m   7.887s[0m [33m WARN[0m note: run with `RUST_BACKTRACE=1` environment variable to display a backtrace 
[2m   7.890s[0m [33m WARN[0m error: could not compile `serde_core` (build script) 
[2m   7.890s[0m [33m WARN[0m Caused by: 
[2m   7.891s[0m [33m WARN[0m   process didn't exit successfully: `/home/manohy/.cargo/bin/dx /home/manohy/.rustup/toolchains/stable-x86_64-unknown-linux-gnu/bin/rustc --crate-name build_script_build --edition=2021 /home/manohy/.cargo/registry/src/index.crates.io-1949cf8c6b5b557f/serde_core-1.0.228/build.rs --error-format=json --json=diagnostic-rendered-ansi,artifacts,future-incompat --crate-type bin --emit=dep-info,link -C embed-bitcode=no -C debuginfo=2 --cfg 'feature="alloc"' --cfg 'feature="default"' --cfg 'feature="result"' --cfg 'feature="std"' --check-cfg 'cfg(docsrs,test)' --check-cfg 'cfg(feature, values("alloc", "default", "rc", "result", "std", "unstable"))' -C metadata=61e6ccad241b0217 -C extra-filename=-39b21d71e2062351 --out-dir /home/manohy/Projects/doyou/target/server-dev/build/serde_core-39b21d71e2062351 -L dependency=/home/manohy/Projects/doyou/target/server-dev/deps --cap-lints allow` (exit status: 101) 
[2m   7.895s[0m [33m WARN[0m thread 'main' panicked at packages/cli/src/rustcwrapper.rs:109:52: 
[2m   7.895s[0m [33m WARN[0m Failed to write rustc args to file: Os { code: 122, kind: QuotaExceeded, message: "Disk quota exceeded" } 
[2m   7.895s[0m [33m WARN[0m note: run with `RUST_BACKTRACE=1` environment variable to display a backtrace 
[2m   7.898s[0m [33m WARN[0m error: could not compile `cfg-if` (lib) 
[2m   7.898s[0m [33m WARN[0m Caused by: 
[2m   7.898s[0m [33m WARN[0m   process didn't exit successfully: `/home/manohy/.cargo/bin/dx /home/manohy/.rustup/toolchains/stable-x86_64-unknown-linux-gnu/bin/rustc --crate-name cfg_if --edition=2018 /home/manohy/.cargo/registry/src/index.crates.io-1949cf8c6b5b557f/cfg-if-1.0.4/src/lib.rs --error-format=json --json=diagnostic-rendered-ansi,artifacts,future-incompat --crate-type lib --emit=dep-info,metadata,link -C embed-bitcode=no -C debuginfo=2 --check-cfg 'cfg(docsrs,test)' --check-cfg 'cfg(feature, values("core", "rustc-dep-of-std"))' -C metadata=acf5b20db7cbbb78 -C extra-filename=-03b2f2311d44d30c --out-dir /home/manohy/Projects/doyou/target/x86_64-unknown-linux-gnu/server-dev/deps --target x86_64-unknown-linux-gnu -L dependency=/home/manohy/Projects/doyou/target/x86_64-unknown-linux-gnu/server-dev/deps -L dependency=/home/manohy/Projects/doyou/target/server-dev/deps --cap-lints allow` (exit status: 101) 
[2m   7.908s[0m [33m WARN[0m thread 'main' panicked at packages/cli/src/rustcwrapper.rs:109:52: 
[2m   7.908s[0m [33m WARN[0m Failed to write rustc args to file: Os { code: 122, kind: QuotaExceeded, message: "Disk quota exceeded" } 
[2m   7.909s[0m [33m WARN[0m note: run with `RUST_BACKTRACE=1` environment variable to display a backtrace 
[2m   7.910s[0m [33m WARN[0m thread 'main' panicked at packages/cli/src/rustcwrapper.rs:109:52: 
[2m   7.910s[0m [33m WARN[0m Failed to write rustc args to file: Os { code: 122, kind: QuotaExceeded, message: "Disk quota exceeded" } 
[2m   7.910s[0m [33m WARN[0m note: run with `RUST_BACKTRACE=1` environment variable to display a backtrace 
[2m   7.912s[0m [33m WARN[0m error: could not compile `quote` (build script) 
[2m   7.912s[0m [33m WARN[0m Caused by: 
[2m   7.912s[0m [33m WARN[0m   process didn't exit successfully: `/home/manohy/.cargo/bin/dx /home/manohy/.rustup/toolchains/stable-x86_64-unknown-linux-gnu/bin/rustc --crate-name build_script_build --edition=2021 /home/manohy/.cargo/registry/src/index.crates.io-1949cf8c6b5b557f/quote-1.0.43/build.rs --error-format=json --json=diagnostic-rendered-ansi,artifacts,future-incompat --crate-type bin --emit=dep-info,link -C embed-bitcode=no -C debuginfo=2 --cfg 'feature="default"' --cfg 'feature="proc-macro"' --check-cfg 'cfg(docsrs,test)' --check-cfg 'cfg(feature, values("default", "proc-macro"))' -C metadata=5ef86ac559ca31e5 -C extra-filename=-b5b06ad29dd44755 --out-dir /home/manohy/Projects/doyou/target/server-dev/build/quote-b5b06ad29dd44755 -L dependency=/home/manohy/Projects/doyou/target/server-dev/deps --cap-lints allow` (exit status: 101) 
[2m   7.913s[0m [33m WARN[0m error: could not compile `serde` (build script) 
[2m   7.913s[0m [33m WARN[0m Caused by: 
[2m   7.913s[0m [33m WARN[0m   process didn't exit successfully: `/home/manohy/.cargo/bin/dx /home/manohy/.rustup/toolchains/stable-x86_64-unknown-linux-gnu/bin/rustc --crate-name build_script_build --edition=2021 /home/manohy/.cargo/registry/src/index.crates.io-1949cf8c6b5b557f/serde-1.0.228/build.rs --error-format=json --json=diagnostic-rendered-ansi,artifacts,future-incompat --crate-type bin --emit=dep-info,link -C embed-bitcode=no -C debuginfo=2 --cfg 'feature="alloc"' --cfg 'feature="default"' --cfg 'feature="derive"' --cfg 'feature="serde_derive"' --cfg 'feature="std"' --check-cfg 'cfg(docsrs,test)' --check-cfg 'cfg(feature, values("alloc", "default", "derive", "rc", "serde_derive", "std", "unstable"))' -C metadata=ec6359c2cd5571d5 -C extra-filename=-5fbf33b895afa4bb --out-dir /home/manohy/Projects/doyou/target/server-dev/build/serde-5fbf33b895afa4bb -L dependency=/home/manohy/Projects/doyou/target/server-dev/deps --cap-lints allow` (exit status: 101) 
[2m   7.914s[0m [31mERROR[0m [31mBuild failed[0m: cargo build finished with errors for target: doyou [x86_64-unknown-linux-gnu]
